<?xml version="1.0" encoding="UTF-8"?>
<!-- Generated by org.testng.reporters.JUnitXMLReporter -->
<testsuite ignored="0" hostname="LAPTOP-FB173B5U" failures="1" tests="1" name="Test" time="21.35" errors="0" timestamp="2024-09-18T14:47:13 IST">
  <testcase classname="testCases.TC01_AccountRegistrationTest" name="verify_account_registration" time="12.455">
    <failure type="java.lang.AssertionError" message="null">
      <![CDATA[java.lang.AssertionError: null
at testCases.TC01_AccountRegistrationTest.verify_account_registration(TC01_AccountRegistrationTest.java:45)
... Removed 27 stack frames]]>
    </failure>
  </testcase> <!-- verify_account_registration -->
</testsuite> <!-- Test -->
